1595982728092	mozrunner::runner	INFO	Running command: "/Applications/Firefox.app/Contents/MacOS/firefox-bin" "-marionette" "-foreground" "-no-remote" "-profile" "/var/folders/6f/y_1ty9yd4377dwcsybhhs9sm0000gn/T/rust_mozprofileMxHGnQ"
1595982730297	Marionette	INFO	Listening on port 59098
1595982730363	Marionette	WARN	TLS certificate errors will be ignored for this session
1595986124738	mozrunner::runner	INFO	Running command: "/Applications/Firefox.app/Contents/MacOS/firefox-bin" "-marionette" "-foreground" "-no-remote" "-profile" "/var/folders/6f/y_1ty9yd4377dwcsybhhs9sm0000gn/T/rust_mozprofile51dGKy"
1595986126838	Marionette	INFO	Listening on port 59345
1595986126895	Marionette	WARN	TLS certificate errors will be ignored for this session
1595993085160	mozrunner::runner	INFO	Running command: "/Applications/Firefox.app/Contents/MacOS/firefox-bin" "-marionette" "-foreground" "-no-remote" "-profile" "/var/folders/6f/y_1ty9yd4377dwcsybhhs9sm0000gn/T/rust_mozprofileFxvf9D"
1595993087728	Marionette	INFO	Listening on port 60508
1595993087762	Marionette	WARN	TLS certificate errors will be ignored for this session
Exiting due to channel error.
Exiting due to channel error.
1595995303547	Marionette	INFO	Stopped listening on port 59098
1595995312950	Marionette	INFO	Stopped listening on port 59345
1596638536544	mozrunner::runner	INFO	Running command: "/Applications/Firefox.app/Contents/MacOS/firefox-bin" "-marionette" "-foreground" "-no-remote" "-profile" "/var/folders/fl/jk2m_yxn24l3dyk8kp7xfrsw0000gn/T/rust_mozprofileIUU1xY"
1596638539011	addons.webextension.screenshots@mozilla.org	WARN	Loading extension 'screenshots@mozilla.org': Reading manifest: Invalid extension permission: mozillaAddons
1596638539011	addons.webextension.screenshots@mozilla.org	WARN	Loading extension 'screenshots@mozilla.org': Reading manifest: Invalid extension permission: telemetry
1596638539011	addons.webextension.screenshots@mozilla.org	WARN	Loading extension 'screenshots@mozilla.org': Reading manifest: Invalid extension permission: resource://pdf.js/
1596638539011	addons.webextension.screenshots@mozilla.org	WARN	Loading extension 'screenshots@mozilla.org': Reading manifest: Invalid extension permission: about:reader*
1596638541001	Marionette	INFO	Listening on port 58019
1596638541027	Marionette	WARN	TLS certificate errors will be ignored for this session
1596638674034	mozrunner::runner	INFO	Running command: "/Applications/Firefox.app/Contents/MacOS/firefox-bin" "-marionette" "-foreground" "-no-remote" "-profile" "/var/folders/fl/jk2m_yxn24l3dyk8kp7xfrsw0000gn/T/rust_mozprofilemqpPSU"
1596638674614	addons.webextension.screenshots@mozilla.org	WARN	Loading extension 'screenshots@mozilla.org': Reading manifest: Invalid extension permission: mozillaAddons
1596638674615	addons.webextension.screenshots@mozilla.org	WARN	Loading extension 'screenshots@mozilla.org': Reading manifest: Invalid extension permission: telemetry
1596638674615	addons.webextension.screenshots@mozilla.org	WARN	Loading extension 'screenshots@mozilla.org': Reading manifest: Invalid extension permission: resource://pdf.js/
1596638674615	addons.webextension.screenshots@mozilla.org	WARN	Loading extension 'screenshots@mozilla.org': Reading manifest: Invalid extension permission: about:reader*
1596638676300	Marionette	INFO	Listening on port 58314
1596638676399	Marionette	WARN	TLS certificate errors will be ignored for this session
1596638761434	mozrunner::runner	INFO	Running command: "/Applications/Firefox.app/Contents/MacOS/firefox-bin" "-marionette" "-foreground" "-no-remote" "-profile" "/var/folders/fl/jk2m_yxn24l3dyk8kp7xfrsw0000gn/T/rust_mozprofilelzeFvr"
1596638761950	addons.webextension.screenshots@mozilla.org	WARN	Loading extension 'screenshots@mozilla.org': Reading manifest: Invalid extension permission: mozillaAddons
1596638761950	addons.webextension.screenshots@mozilla.org	WARN	Loading extension 'screenshots@mozilla.org': Reading manifest: Invalid extension permission: telemetry
1596638761950	addons.webextension.screenshots@mozilla.org	WARN	Loading extension 'screenshots@mozilla.org': Reading manifest: Invalid extension permission: resource://pdf.js/
1596638761950	addons.webextension.screenshots@mozilla.org	WARN	Loading extension 'screenshots@mozilla.org': Reading manifest: Invalid extension permission: about:reader*
1596638763723	Marionette	INFO	Listening on port 58489
1596638763788	Marionette	WARN	TLS certificate errors will be ignored for this session
1596638899677	Marionette	INFO	Stopped listening on port 58489
1596638902266	Marionette	INFO	Stopped listening on port 58314
1596638904708	Marionette	INFO	Stopped listening on port 58019
1596639072972	mozrunner::runner	INFO	Running command: "/Applications/Firefox.app/Contents/MacOS/firefox-bin" "-marionette" "-foreground" "-no-remote" "-profile" "/var/folders/fl/jk2m_yxn24l3dyk8kp7xfrsw0000gn/T/rust_mozprofileLmPksT"
1596639073469	addons.webextension.screenshots@mozilla.org	WARN	Loading extension 'screenshots@mozilla.org': Reading manifest: Invalid extension permission: mozillaAddons
1596639073469	addons.webextension.screenshots@mozilla.org	WARN	Loading extension 'screenshots@mozilla.org': Reading manifest: Invalid extension permission: telemetry
1596639073469	addons.webextension.screenshots@mozilla.org	WARN	Loading extension 'screenshots@mozilla.org': Reading manifest: Invalid extension permission: resource://pdf.js/
1596639073469	addons.webextension.screenshots@mozilla.org	WARN	Loading extension 'screenshots@mozilla.org': Reading manifest: Invalid extension permission: about:reader*
1596639075181	Marionette	INFO	Listening on port 58955
1596639075234	Marionette	WARN	TLS certificate errors will be ignored for this session
1596639092948	mozrunner::runner	INFO	Running command: "/Applications/Firefox.app/Contents/MacOS/firefox-bin" "-marionette" "-foreground" "-no-remote" "-profile" "/var/folders/fl/jk2m_yxn24l3dyk8kp7xfrsw0000gn/T/rust_mozprofileprjLeY"
1596639093429	addons.webextension.screenshots@mozilla.org	WARN	Loading extension 'screenshots@mozilla.org': Reading manifest: Invalid extension permission: mozillaAddons
1596639093429	addons.webextension.screenshots@mozilla.org	WARN	Loading extension 'screenshots@mozilla.org': Reading manifest: Invalid extension permission: telemetry
1596639093429	addons.webextension.screenshots@mozilla.org	WARN	Loading extension 'screenshots@mozilla.org': Reading manifest: Invalid extension permission: resource://pdf.js/
1596639093429	addons.webextension.screenshots@mozilla.org	WARN	Loading extension 'screenshots@mozilla.org': Reading manifest: Invalid extension permission: about:reader*
1596639095170	Marionette	INFO	Listening on port 59045
1596639095206	Marionette	WARN	TLS certificate errors will be ignored for this session
